Performing C SOURCE FILE Test CMAKE_HAVE_LIBC_PTHREAD failed with the following output:
Change Dir: /home/yunni/mcoz/mcoz/coz/CMakeFiles/CMakeTmp

Run Build Command(s):/usr/bin/make cmTC_63283/fast && /usr/bin/make -f CMakeFiles/cmTC_63283.dir/build.make CMakeFiles/cmTC_63283.dir/build
make[1]: 디렉터리 '/home/yunni/mcoz/mcoz/coz/CMakeFiles/CMakeTmp' 들어감
Building C object CMakeFiles/cmTC_63283.dir/src.c.o
/usr/bin/cc   -DCMAKE_HAVE_LIBC_PTHREAD   -o CMakeFiles/cmTC_63283.dir/src.c.o   -c /home/yunni/mcoz/mcoz/coz/CMakeFiles/CMakeTmp/src.c
Linking C executable cmTC_63283
/usr/bin/cmake -E cmake_link_script CMakeFiles/cmTC_63283.dir/link.txt --verbose=1
/usr/bin/cc  -DCMAKE_HAVE_LIBC_PTHREAD    CMakeFiles/cmTC_63283.dir/src.c.o  -o cmTC_63283 
/usr/bin/ld: CMakeFiles/cmTC_63283.dir/src.c.o: in function `main':
src.c:(.text+0x46): undefined reference to `pthread_create'
/usr/bin/ld: src.c:(.text+0x52): undefined reference to `pthread_detach'
/usr/bin/ld: src.c:(.text+0x63): undefined reference to `pthread_join'
collect2: error: ld returned 1 exit status
make[1]: *** [CMakeFiles/cmTC_63283.dir/build.make:87: cmTC_63283] 오류 1
make[1]: 디렉터리 '/home/yunni/mcoz/mcoz/coz/CMakeFiles/CMakeTmp' 나감
make: *** [Makefile:121: cmTC_63283/fast] 오류 2


Source file was:
#include <pthread.h>

void* test_func(void* data)
{
  return data;
}

int main(void)
{
  pthread_t thread;
  pthread_create(&thread, NULL, test_func, NULL);
  pthread_detach(thread);
  pthread_join(thread, NULL);
  pthread_atfork(NULL, NULL, NULL);
  pthread_exit(NULL);

  return 0;
}

Determining if the function pthread_create exists in the pthreads failed with the following output:
Change Dir: /home/yunni/mcoz/mcoz/coz/CMakeFiles/CMakeTmp

Run Build Command(s):/usr/bin/make cmTC_e9973/fast && /usr/bin/make -f CMakeFiles/cmTC_e9973.dir/build.make CMakeFiles/cmTC_e9973.dir/build
make[1]: 디렉터리 '/home/yunni/mcoz/mcoz/coz/CMakeFiles/CMakeTmp' 들어감
Building C object CMakeFiles/cmTC_e9973.dir/CheckFunctionExists.c.o
/usr/bin/cc   -DCHECK_FUNCTION_EXISTS=pthread_create   -o CMakeFiles/cmTC_e9973.dir/CheckFunctionExists.c.o   -c /usr/share/cmake-3.16/Modules/CheckFunctionExists.c
Linking C executable cmTC_e9973
/usr/bin/cmake -E cmake_link_script CMakeFiles/cmTC_e9973.dir/link.txt --verbose=1
/usr/bin/cc  -DCHECK_FUNCTION_EXISTS=pthread_create    CMakeFiles/cmTC_e9973.dir/CheckFunctionExists.c.o  -o cmTC_e9973  -lpthreads 
/usr/bin/ld: cannot find -lpthreads
collect2: error: ld returned 1 exit status
make[1]: *** [CMakeFiles/cmTC_e9973.dir/build.make:87: cmTC_e9973] 오류 1
make[1]: 디렉터리 '/home/yunni/mcoz/mcoz/coz/CMakeFiles/CMakeTmp' 나감
make: *** [Makefile:121: cmTC_e9973/fast] 오류 2



